<?xml version="1.0" encoding="UTF-8"?>
<testng-results ignored="0" total="1" passed="1" failed="0" skipped="0">
  <reporter-output>
  </reporter-output>
  <suite started-at="2020-05-05T17:29:54 ICT" name="Default suite" finished-at="2020-05-05T17:30:19 ICT" duration-ms="24283">
    <groups>
    </groups>
    <test started-at="2020-05-05T17:29:54 ICT" name="Default test" finished-at="2020-05-05T17:30:19 ICT" duration-ms="24283">
      <class name="com.pop.tests.SearchTest">
        <test-method is-config="true" signature="beforeMethod()[pri:0, instance:com.pop.tests.SearchTest@1b2abca6]" started-at="2020-05-05T17:29:54 ICT" name="beforeMethod" finished-at="2020-05-05T17:30:03 ICT" duration-ms="8738" status="PASS">
          <reporter-output>
          </reporter-output>
        </test-method> <!-- beforeMethod -->
        <test-method signature="Search5()[pri:0, instance:com.pop.tests.SearchTest@1b2abca6]" started-at="2020-05-05T17:30:03 ICT" name="Search5" finished-at="2020-05-05T17:30:18 ICT" duration-ms="15492" status="PASS">
          <reporter-output>
          </reporter-output>
        </test-method> <!-- Search5 -->
        <test-method is-config="true" signature="afterMethod()[pri:0, instance:com.pop.tests.SearchTest@1b2abca6]" started-at="2020-05-05T17:30:19 ICT" name="afterMethod" finished-at="2020-05-05T17:30:19 ICT" duration-ms="0" status="PASS">
          <reporter-output>
          </reporter-output>
        </test-method> <!-- afterMethod -->
      </class> <!-- com.pop.tests.SearchTest -->
    </test> <!-- Default test -->
  </suite> <!-- Default suite -->
</testng-results>
